<?xml version="1.0" encoding="UTF-8"?>
<!-- Generated by org.testng.reporters.JUnitReportReporter -->
<testsuite hostname="LTIN333296" failures="0" tests="1" name="testCases.TC_002_LoginTest" time="2.099" errors="0" timestamp="2024-12-30T15:25:31 IST" skipped="0">
  <testcase classname="testCases.TC_002_LoginTest" name="verify_login" time="2.099"/>
</testsuite> <!-- testCases.TC_002_LoginTest -->
