<?xml version="1.0" encoding="UTF-8"?>
<!-- Generated by org.testng.reporters.JUnitReportReporter -->
<testsuite hostname="LTIN333296" failures="0" tests="1" name="testCases.TC_001_AccountRegistrationTest" time="4.641" errors="0" timestamp="2024-12-30T15:25:31 IST" skipped="0">
  <testcase classname="testCases.TC_001_AccountRegistrationTest" name="testAccountCreation" time="4.641"/>
</testsuite> <!-- testCases.TC_001_AccountRegistrationTest -->
